{
  "RSpec": {
    "coverage": {
      "/Users/jincamou/Desktop/RHapi/spec/models/clinical_vocabularies_spec.rb": [
        1,
        null,
        0,
        0,
        0,
        0,
        null
      ],
      "/Users/jincamou/Desktop/RHapi/spec/rails_helper.rb": [
        null,
        1,
        1,
        1,
        null,
        1,
        1,
        1,
        null,
        null,
        null,
        null,
        null,
        null,
        null,
        null,
        null,
        null,
        null,
        null,
        null,
        null,
        null,
        null,
        null,
        null,
        null,
        1,
        null,
        0,
        null,
        0,
        null,
        null,
        null,
        null,
        0,
        null,
        null,
        null,
        null,
        null,
        null,
        null,
        null,
        null,
        null,
        null,
        null,
        null,
        null,
        0,
        null,
        null,
        0,
        null,
        null,
        null,
        null,
        0,
        0,
        0,
        0,
        null,
        null
      ],
      "/Users/jincamou/Desktop/RHapi/config/environment.rb": [
        null,
        1,
        null,
        null,
        1
      ],
      "/Users/jincamou/Desktop/RHapi/config/application.rb": [
        1,
        null,
        1,
        null,
        1,
        1,
        1,
        1,
        1,
        1,
        1,
        null,
        null,
        null,
        null,
        null,
        1,
        null,
        1,
        1,
        null,
        1,
        null,
        null,
        null,
        null,
        null,
        null,
        null,
        null,
        1,
        null,
        null
      ],
      "/Users/jincamou/Desktop/RHapi/config/boot.rb": [
        1,
        null,
        1
      ],
      "/Users/jincamou/Desktop/RHapi/config/spring.rb": [
        null,
        null,
        null,
        null,
        null,
        5
      ],
      "/Users/jincamou/Desktop/RHapi/config/environments/test.rb": [
        1,
        null,
        null,
        null,
        null,
        null,
        null,
        1,
        null,
        null,
        null,
        null,
        1,
        null,
        null,
        1,
        1,
        null,
        null,
        null,
        null,
        1,
        1,
        null,
        null,
        1,
        null,
        null,
        1,
        1,
        null,
        null,
        null,
        null,
        1,
        null,
        null,
        1,
        null,
        null,
        null,
        null
      ],
      "/Users/jincamou/Desktop/RHapi/config/initializers/application_controller_renderer.rb": [
        null,
        null,
        null,
        null,
        null,
        null
      ],
      "/Users/jincamou/Desktop/RHapi/config/initializers/backtrace_silencers.rb": [
        null,
        null,
        null,
        null,
        null,
        null,
        null
      ],
      "/Users/jincamou/Desktop/RHapi/config/initializers/cors.rb": [
        null,
        null,
        null,
        null,
        null,
        null,
        null,
        null,
        null,
        null,
        null,
        null,
        null,
        null,
        null,
        null
      ],
      "/Users/jincamou/Desktop/RHapi/config/initializers/filter_parameter_logging.rb": [
        null,
        null,
        null,
        1
      ],
      "/Users/jincamou/Desktop/RHapi/config/initializers/inflections.rb": [
        null,
        null,
        null,
        null,
        null,
        null,
        null,
        null,
        null,
        null,
        null,
        null,
        null,
        null,
        null,
        null
      ],
      "/Users/jincamou/Desktop/RHapi/config/initializers/mime_types.rb": [
        null,
        null,
        null,
        null
      ],
      "/Users/jincamou/Desktop/RHapi/config/initializers/wrap_parameters.rb": [
        null,
        null,
        null,
        null,
        null,
        null,
        1,
        1,
        null,
        null,
        null,
        null,
        null,
        null
      ],
      "/Users/jincamou/Desktop/RHapi/spec/factories.rb": [
        1,
        1,
        1,
        1,
        1,
        null,
        null
      ],
      "/Users/jincamou/Desktop/RHapi/config/routes.rb": [
        1,
        1,
        null,
        1,
        1,
        1,
        1,
        null,
        null,
        null
      ],
      "/Users/jincamou/Desktop/RHapi/spec/support/factory_girl.rb": [
        1,
        1,
        null
      ],
      "/Users/jincamou/Desktop/RHapi/spec/requests/get_by_term_spec.rb": [
        1,
        null,
        0,
        0,
        null,
        0,
        0,
        0,
        null,
        null
      ],
      "/Users/jincamou/Desktop/RHapi/spec/requests/paginate_clinical_vocabularies_spec.rb": [

      ]
    },
    "timestamp": 1504217310
  }
}
